<?xml version="1.0" encoding="UTF-8"?>
<!-- Generated by org.testng.reporters.JUnitReportReporter -->
<testsuite name="testcases.TC006_BuySunglass" tests="1" time="29.075" ignored="0" failures="0" timestamp="29 Apr 2018 17:03:21 GMT" skipped="0" hostname="chandru-PC" errors="0">
  <testcase name="login" time="29.075" classname="testcases.TC006_BuySunglass"/>
</testsuite> <!-- testcases.TC006_BuySunglass -->
